#
# There is insufficient memory for the Java Runtime Environment to continue.
# Native memory allocation (malloc) failed to allocate 849936 bytes for Chunk::new
# Possible reasons:
#   The system is out of physical RAM or swap space
#   In 32 bit mode, the process size limit was hit
# Possible solutions:
#   Reduce memory load on the system
#   Increase physical memory or swap space
#   Check if swap backing store is full
#   Use 64 bit Java on a 64 bit OS
#   Decrease Java heap size (-Xmx/-Xms)
#   Decrease number of Java threads
#   Decrease Java thread stack sizes (-Xss)
#   Set larger code cache with -XX:ReservedCodeCacheSize=
# This output file may be truncated or incomplete.
#
#  Out of Memory Error (allocation.cpp:390), pid=14812, tid=0x0000000000003918
#
# JRE version: OpenJDK Runtime Environment (8.0_76-b03) (build 1.8.0_76-release-b03)
# Java VM: OpenJDK 64-Bit Server VM (25.76-b03 mixed mode windows-amd64 compressed oops)
# Failed to write core dump. Minidumps are not enabled by default on client versions of Windows
#

---------------  T H R E A D  ---------------

Current thread (0x0000000015ada000):  JavaThread "C2 CompilerThread1" daemon [_thread_in_native, id=14616, stack(0x0000000017240000,0x0000000017340000)]

Stack: [0x0000000017240000,0x0000000017340000]
[error occurred during error reporting (printing stack bounds), id 0xc0000005]

Native frames: (J=compiled Java code, j=interpreted, Vv=VM code, C=native code)


Current CompileTask:
C2:   3854 1711   !   4       com.android.dx.cf.code.BytecodeArray::parseInstruction (2764 bytes)


---------------  P R O C E S S  ---------------

Java Threads: ( => current thread )
  0x00000000176b1000 JavaThread "pool-2-thread-4" [_thread_in_vm, id=7476, stack(0x0000000017e40000,0x0000000017f40000)]
  0x00000000176b3000 JavaThread "pool-2-thread-3" [_thread_blocked, id=3580, stack(0x0000000017d40000,0x0000000017e40000)]
  0x00000000176b0800 JavaThread "pool-2-thread-2" [_thread_in_vm, id=2812, stack(0x0000000017c40000,0x0000000017d40000)]
  0x00000000176ac000 JavaThread "pool-3-thread-1" [_thread_blocked, id=6700, stack(0x0000000017b40000,0x0000000017c40000)]
  0x00000000176ab000 JavaThread "pool-2-thread-1" [_thread_blocked, id=14264, stack(0x0000000017a40000,0x0000000017b40000)]
  0x0000000015ad2800 JavaThread "Service Thread" daemon [_thread_blocked, id=6840, stack(0x0000000017840000,0x0000000017940000)]
  0x0000000015ae3800 JavaThread "C1 CompilerThread2" daemon [_thread_blocked, id=9728, stack(0x0000000017340000,0x0000000017440000)]
=>0x0000000015ada000 JavaThread "C2 CompilerThread1" daemon [_thread_in_native, id=14616, stack(0x0000000017240000,0x0000000017340000)]
  0x0000000015ad6800 JavaThread "C2 CompilerThread0" daemon [_thread_in_native, id=9116, stack(0x0000000017140000,0x0000000017240000)]
  0x0000000015ad5000 JavaThread "Attach Listener" daemon [_thread_blocked, id=11152, stack(0x0000000017040000,0x0000000017140000)]
  0x0000000015ad4000 JavaThread "Signal Dispatcher" daemon [_thread_blocked, id=9940, stack(0x0000000016f40000,0x0000000017040000)]
  0x0000000001f2b000 JavaThread "Finalizer" daemon [_thread_blocked, id=4380, stack(0x0000000016d30000,0x0000000016e30000)]
  0x0000000001f20000 JavaThread "Reference Handler" daemon [_thread_blocked, id=13556, stack(0x0000000016c30000,0x0000000016d30000)]
  0x0000000001e31000 JavaThread "main" [_thread_blocked, id=14884, stack(0x0000000001d30000,0x0000000001e30000)]

Other Threads:
  0x0000000015a94800 VMThread [stack: 0x0000000016b30000,0x0000000016c30000] [id=5904]
  0x0000000017464000 WatcherThread [stack: 0x0000000017940000,0x0000000017a40000] [id=10552]

VM state:not at safepoint (normal execution)

VM Mutex/Monitor currently owned by a thread: None

Heap:
 PSYoungGen      total 76288K, used 74987K [0x00000000eab00000, 0x00000000f0000000, 0x0000000100000000)
  eden space 65536K, 98% used [0x00000000eab00000,0x00000000ee9c13a0,0x00000000eeb00000)
  from space 10752K, 99% used [0x00000000ef580000,0x00000000efff9978,0x00000000f0000000)
  to   space 10752K, 0% used [0x00000000eeb00000,0x00000000eeb00000,0x00000000ef580000)
 ParOldGen       total 175104K, used 7733K [0x00000000c0000000, 0x00000000cab00000, 0x00000000eab00000)
  object space 175104K, 4% used [0x00000000c0000000,0x00000000c078d410,0x00000000cab00000)
 Metaspace       used 6295K, capacity 7152K, committed 7296K, reserved 1056768K
  class space    used 588K, capacity 616K, committed 640K, reserved 1048576K

Card table byte_map: [0x00000000127c0000,0x00000000129d0000] byte_map_base: 0x00000000121c0000

Marking Bits: (ParMarkBitMap*) 0x000000006f8b9d00
 Begin Bits: [0x0000000012f30000, 0x0000000013f30000)
 End Bits:   [0x0000000013f30000, 0x0000000014f30000)

Polling page: 0x0000000001bd0000

CodeCache: size=245760Kb used=7287Kb max_used=7287Kb free=238472Kb
 bounds [0x0000000003400000, 0x0000000003b30000, 0x0000000012400000]
 total_blobs=2019 nmethods=1750 adapters=182
 compilation: enabled

Compilation events (10 events):
Event: 3.778 Thread 0x0000000015ae3800 1737       2       com.android.dx.cf.code.LocalVariableList::get (9 bytes)
Event: 3.778 Thread 0x0000000015ae3800 nmethod 1737 0x0000000003b05150 code [0x0000000003b052c0, 0x0000000003b05468]
Event: 3.779 Thread 0x0000000015ae3800 1738       2       com.android.dx.cf.code.LocalVariableList::set (21 bytes)
Event: 3.779 Thread 0x0000000015ae3800 nmethod 1738 0x0000000003b06d10 code [0x0000000003b06ec0, 0x0000000003b073d8]
Event: 3.785 Thread 0x0000000015ae3800 1740       3       com.android.dx.util.IntList::binarysearch (124 bytes)
Event: 3.785 Thread 0x0000000015ae3800 nmethod 1740 0x0000000003b07950 code [0x0000000003b07ae0, 0x0000000003b07f90]
Event: 3.792 Thread 0x0000000015ae3800 1742       2       com.android.dx.ssa.InterferenceRegisterMapper::areAnyPinned (81 bytes)
Event: 3.793 Thread 0x0000000015ae3800 nmethod 1742 0x0000000003b08250 code [0x0000000003b083e0, 0x0000000003b08738]
Event: 3.793 Thread 0x0000000015ae3800 1743       2       com.android.dx.ssa.SsaBasicBlock::getLiveOutRegs (26 bytes)
Event: 3.793 Thread 0x0000000015ae3800 nmethod 1743 0x0000000003b08a90 code [0x0000000003b08c00, 0x0000000003b08f08]

GC Heap History (4 events):
Event: 3.061 GC heap before
{Heap before GC invocations=1 (full 0):
 PSYoungGen      total 76288K, used 65536K [0x00000000eab00000, 0x00000000f0000000, 0x0000000100000000)
  eden space 65536K, 100% used [0x00000000eab00000,0x00000000eeb00000,0x00000000eeb00000)
  from space 10752K, 0% used [0x00000000ef580000,0x00000000ef580000,0x00000000f0000000)
  to   space 10752K, 0% used [0x00000000eeb00000,0x00000000eeb00000,0x00000000ef580000)
 ParOldGen       total 175104K, used 0K [0x00000000c0000000, 0x00000000cab00000, 0x00000000eab00000)
  object space 175104K, 0% used [0x00000000c0000000,0x00000000c0000000,0x00000000cab00000)
 Metaspace       used 6109K, capacity 7088K, committed 7296K, reserved 1056768K
  class space    used 577K, capacity 616K, committed 640K, reserved 1048576K
Event: 3.101 GC heap after
Heap after GC invocations=1 (full 0):
 PSYoungGen      total 76288K, used 10406K [0x00000000eab00000, 0x00000000f0000000, 0x0000000100000000)
  eden space 65536K, 0% used [0x00000000eab00000,0x00000000eab00000,0x00000000eeb00000)
  from space 10752K, 96% used [0x00000000eeb00000,0x00000000ef529a48,0x00000000ef580000)
  to   space 10752K, 0% used [0x00000000ef580000,0x00000000ef580000,0x00000000f0000000)
 ParOldGen       total 175104K, used 16K [0x00000000c0000000, 0x00000000cab00000, 0x00000000eab00000)
  object space 175104K, 0% used [0x00000000c0000000,0x00000000c0004000,0x00000000cab00000)
 Metaspace       used 6109K, capacity 7088K, committed 7296K, reserved 1056768K
  class space    used 577K, capacity 616K, committed 640K, reserved 1048576K
}
Event: 3.650 GC heap before
{Heap before GC invocations=2 (full 0):
 PSYoungGen      total 76288K, used 75942K [0x00000000eab00000, 0x00000000f0000000, 0x0000000100000000)
  eden space 65536K, 100% used [0x00000000eab00000,0x00000000eeb00000,0x00000000eeb00000)
  from space 10752K, 96% used [0x00000000eeb00000,0x00000000ef529a48,0x00000000ef580000)
  to   space 10752K, 0% used [0x00000000ef580000,0x00000000ef580000,0x00000000f0000000)
 ParOldGen       total 175104K, used 16K [0x00000000c0000000, 0x00000000cab00000, 0x00000000eab00000)
  object space 175104K, 0% used [0x00000000c0000000,0x00000000c0004000,0x00000000cab00000)
 Metaspace       used 6212K, capacity 7152K, committed 7296K, reserved 1056768K
  class space    used 577K, capacity 616K, committed 640K, reserved 1048576K
Event: 3.673 GC heap after
Heap after GC invocations=2 (full 0):
 PSYoungGen      total 76288K, used 10726K [0x00000000eab00000, 0x00000000f0000000, 0x0000000100000000)
  eden space 65536K, 0% used [0x00000000eab00000,0x00000000eab00000,0x00000000eeb00000)
  from space 10752K, 99% used [0x00000000ef580000,0x00000000efff9978,0x00000000f0000000)
  to   space 10752K, 0% used [0x00000000eeb00000,0x00000000eeb00000,0x00000000ef580000)
 ParOldGen       total 175104K, used 7733K [0x00000000c0000000, 0x00000000cab00000, 0x00000000eab00000)
  object space 175104K, 4% used [0x00000000c0000000,0x00000000c078d410,0x00000000cab00000)
 Metaspace       used 6212K, capacity 7152K, committed 7296K, reserved 1056768K
  class space    used 577K, capacity 616K, committed 640K, reserved 1048576K
}

Deoptimization events (10 events):
Event: 3.051 Thread 0x0000000001e31000 Uncommon trap: reason=unstable_if action=reinterpret pc=0x0000000003651d10 method=java.lang.String.<init>([CII)V @ 18
Event: 3.109 Thread 0x00000000176b1000 Uncommon trap: reason=unstable_if action=reinterpret pc=0x00000000039ceb98 method=com.android.dx.ssa.SCCP.simulateBranch(Lcom/android/dx/ssa/SsaInsn;)V @ 64
Event: 3.230 Thread 0x00000000176b0800 Uncommon trap: reason=uninitialized action=reinterpret pc=0x0000000003996b10 method=com.android.dx.cf.code.BytecodeArray.parseInstruction(ILcom/android/dx/cf/code/BytecodeArray$Visitor;)I @ 999
Event: 3.237 Thread 0x00000000176b0800 Uncommon trap: reason=bimorphic action=maybe_recompile pc=0x0000000003806e0c method=java.util.HashMap.putVal(ILjava/lang/Object;Ljava/lang/Object;ZZ)Ljava/lang/Object; @ 203
Event: 3.272 Thread 0x0000000001e31000 Uncommon trap: reason=unloaded action=reinterpret pc=0x00000000038b7ad4 method=com.android.dx.cf.cst.ConstantPoolParser.parse0(ILjava/util/BitSet;)Lcom/android/dx/rop/cst/Constant; @ 198
Event: 3.272 Thread 0x00000000176b1000 Uncommon trap: reason=null_check action=make_not_entrant pc=0x0000000003a6e5d0 method=com.android.dx.ssa.SsaRenamer.getLocalForNewReg(I)Lcom/android/dx/rop/code/LocalItem; @ 19
Event: 3.304 Thread 0x0000000001e31000 Uncommon trap: reason=unstable_if action=reinterpret pc=0x0000000003604228 method=java.lang.String.<init>([CII)V @ 18
Event: 3.363 Thread 0x00000000176ab000 Uncommon trap: reason=unstable_if action=reinterpret pc=0x00000000039654c0 method=com.android.dx.ssa.SCCP.simulateStmt(Lcom/android/dx/ssa/SsaInsn;)V @ 53
Event: 3.401 Thread 0x00000000176b1000 Uncommon trap: reason=unstable_if action=reinterpret pc=0x00000000038510bc method=com.android.dx.util.IntList.binarysearch(I)I @ 105
Event: 3.458 Thread 0x00000000176b0800 Uncommon trap: reason=unstable_if action=reinterpret pc=0x000000000384401c method=com.android.dx.ssa.SsaMethod.updateOneDefinition(Lcom/android/dx/ssa/SsaInsn;Lcom/android/dx/rop/code/RegisterSpec;)V @ 4

Internal exceptions (3 events):
Event: 0.048 Thread 0x0000000001e31000 Exception <a 'java/lang/NoSuchMethodError': Method sun.misc.Unsafe.defineClass(Ljava/lang/String;[BII)Ljava/lang/Class; name or signature does not match> (0x00000000eab07cc0) thrown at [C:\src\android\AOSP-openjdk\external\jetbrains\jdk\hotspot\src\share\v¬÷Š¶À¨?
Event: 0.048 Thread 0x0000000001e31000 Exception <a 'java/lang/NoSuchMethodError': Method sun.misc.Unsafe.prefetchRead(Ljava/lang/Object;J)V name or signature does not match> (0x00000000eab07fa8) thrown at [C:\src\android\AOSP-openjdk\external\jetbrains\jdk\hotspot\src\share\vm\prims\jni.cpp, l=¹?-
@
Event: 3.272 Thread 0x00000000176b1000 Implicit null exception at 0x0000000003a6ae29 to 0x0000000003a6e58d

Events (10 events):
Event: 3.401 Thread 0x00000000176b1000 DEOPT UNPACKING pc=0x000000000344556a sp=0x0000000017f3e468 mode 2
Event: 3.426 Thread 0x0000000001e31000 DEOPT PACKING pc=0x0000000003a97321 sp=0x0000000001e2eac0
Event: 3.426 Thread 0x0000000001e31000 DEOPT UNPACKING pc=0x00000000034475bf sp=0x0000000001e2e880 mode 0
Event: 3.458 loading class com/android/dx/rop/code/RegOps
Event: 3.458 loading class com/android/dx/rop/code/RegOps done
Event: 3.458 Thread 0x00000000176b0800 Uncommon trap: trap_request=0xffffff65 fr.pc=0x000000000384401c
Event: 3.458 Thread 0x00000000176b0800 DEOPT PACKING pc=0x000000000384401c sp=0x0000000017d3e650
Event: 3.458 Thread 0x00000000176b0800 DEOPT UNPACKING pc=0x000000000344556a sp=0x0000000017d3e5f8 mode 2
Event: 3.650 Executing VM operation: ParallelGCFailedAllocation
Event: 3.673 Executing VM operation: ParallelGCFailedAllocation done


Dynamic libraries:
0x00007ff60f240000 - 0x00007ff60f271000 	C:\Program Files\Android\Android Studio\jre\bin\java.exe
0x00007ff8a7fb0000 - 0x00007ff8a8181000 	C:\WINDOWS\SYSTEM32\ntdll.dll
0x00007ff8a6760000 - 0x00007ff8a680b000 	C:\WINDOWS\System32\KERNEL32.DLL
0x00007ff8a4d00000 - 0x00007ff8a4f1d000 	C:\WINDOWS\System32\KERNELBASE.dll
0x00007ff8a5640000 - 0x00007ff8a56e2000 	C:\WINDOWS\System32\ADVAPI32.dll
0x00007ff8a6560000 - 0x00007ff8a65fe000 	C:\WINDOWS\System32\msvcrt.dll
0x00007ff8a5a90000 - 0x00007ff8a5ae9000 	C:\WINDOWS\System32\sechost.dll
0x00007ff8a5960000 - 0x00007ff8a5a81000 	C:\WINDOWS\System32\RPCRT4.dll
0x00007ff8a56f0000 - 0x00007ff8a5855000 	C:\WINDOWS\System32\USER32.dll
0x00007ff8a4be0000 - 0x00007ff8a4bfe000 	C:\WINDOWS\System32\win32u.dll
0x00007ff8a66c0000 - 0x00007ff8a66f4000 	C:\WINDOWS\System32\GDI32.dll
0x00007ff8a50f0000 - 0x00007ff8a5272000 	C:\WINDOWS\System32\gdi32full.dll
0x00007ff89ddb0000 - 0x00007ff89e029000 	C:\WINDOWS\WinSxS\amd64_microsoft.windows.common-controls_6595b64144ccf1df_6.0.14393.447_none_42191651c6827bb3\COMCTL32.dll
0x00007ff8a6290000 - 0x00007ff8a6557000 	C:\WINDOWS\System32\combase.dll
0x00007ff8a5320000 - 0x00007ff8a5415000 	C:\WINDOWS\System32\ucrtbase.dll
0x00007ff8a54d0000 - 0x00007ff8a553a000 	C:\WINDOWS\System32\bcryptPrimitives.dll
0x00007ff8a5af0000 - 0x00007ff8a5b1e000 	C:\WINDOWS\System32\IMM32.DLL
0x000000006f020000 - 0x000000006f0f2000 	C:\Program Files\Android\Android Studio\jre\jre\bin\msvcr100.dll
0x000000006f100000 - 0x000000006f934000 	C:\Program Files\Android\Android Studio\jre\jre\bin\server\jvm.dll
0x00007ff8a5f50000 - 0x00007ff8a5f58000 	C:\WINDOWS\System32\PSAPI.DLL
0x00007ff890ea0000 - 0x00007ff890ea9000 	C:\WINDOWS\SYSTEM32\WSOCK32.dll
0x00007ff8a6870000 - 0x00007ff8a68da000 	C:\WINDOWS\System32\WS2_32.dll
0x00007ff8a2150000 - 0x00007ff8a2173000 	C:\WINDOWS\SYSTEM32\WINMM.dll
0x00007ff893b00000 - 0x00007ff893b0a000 	C:\WINDOWS\SYSTEM32\VERSION.dll
0x00007ff8a20d0000 - 0x00007ff8a20fb000 	C:\WINDOWS\SYSTEM32\WINMMBASE.dll
0x00007ff8a4c00000 - 0x00007ff8a4c42000 	C:\WINDOWS\System32\cfgmgr32.dll
0x00007ff8a2410000 - 0x00007ff8a241f000 	C:\Program Files\Android\Android Studio\jre\jre\bin\verify.dll
0x00007ff8a2390000 - 0x00007ff8a23b9000 	C:\Program Files\Android\Android Studio\jre\jre\bin\java.dll
0x00007ff8a0ce0000 - 0x00007ff8a0cf6000 	C:\Program Files\Android\Android Studio\jre\jre\bin\zip.dll
0x00007ff8a6aa0000 - 0x00007ff8a7fa9000 	C:\WINDOWS\System32\SHELL32.dll
0x00007ff8a44a0000 - 0x00007ff8a4b7a000 	C:\WINDOWS\System32\windows.storage.dll
0x00007ff8a4440000 - 0x00007ff8a448c000 	C:\WINDOWS\System32\powrprof.dll
0x00007ff8a6700000 - 0x00007ff8a6752000 	C:\WINDOWS\System32\shlwapi.dll
0x00007ff8a4430000 - 0x00007ff8a443f000 	C:\WINDOWS\System32\kernel.appcore.dll
0x00007ff8a5420000 - 0x00007ff8a54c9000 	C:\WINDOWS\System32\shcore.dll
0x00007ff8a4410000 - 0x00007ff8a4424000 	C:\WINDOWS\System32\profapi.dll

VM Arguments:
jvm_args: -Djava.awt.headless=true -Xmx1024M -Dfile.encoding=windows-1252 -Duser.country=CO -Duser.language=es -Duser.variant 
java_command: com.android.dx.command.Main --dex --force-jumbo --num-threads=4 --multi-dex --output C:\Users\Esteban Puello\AndroidStudioProjects\Morph\app\build\intermediates\transforms\dex\debug\folders\1000\10\com.android.support-appcompat-v7-24.0.0_17113132fa81e7eb065a5e7fc9de14d18edd71fe C:\Users\Esteban Puello\AndroidStudioProjects\Morph\app\build\intermediates\exploded-aar\com.android.support\appcompat-v7\24.0.0\jars\classes.jar
java_class_path (initial): C:\sdkandroid\build-tools\24.0.0\lib\dx.jar
Launcher Type: SUN_STANDARD

Environment Variables:
PATH=C:\ProgramData\Oracle\Java\javapath;C:\WINDOWS\system32;C:\WINDOWS;C:\WINDOWS\System32\Wbem;C:\WINDOWS\System32\WindowsPowerShell\v1.0\;C:\Program Files (x86)\Common Files\lenovo\easyplussdk\bin;C:\Program Files (x86)\ATI Technologies\ATI.ACE\Core-Static;C:\Program Files\Intel\WiFi\bin\;C:\Program Files\Common Files\Intel\WirelessCommon\;C:\Program Files (x86)\MySQL\MySQL Fabric 1.5 & MySQL Utilities 1.5\;C:\Program Files (x86)\MySQL\MySQL Fabric 1.5 & MySQL Utilities 1.5\Doctrine extensions for PHP\;C:\Program Files\Git\cmd;C:\sdkandroid\ndk-bundle;C:\Users\Esteban Puello\AppData\Local\Microsoft\WindowsApps;
USERNAME=Esteban Puello
OS=Windows_NT
PROCESSOR_IDENTIFIER=Intel64 Family 6 Model 78 Stepping 3, GenuineIntel



---------------  S Y S T E M  ---------------

OS: Windows 10.0 , 64 bit Build 14393 (10.0.14393.0)

CPU:total 4 (2 cores per cpu, 2 threads per core) family 6 model 78 stepping 3, cmov, cx8, fxsr, mmx, sse, sse2, sse3, ssse3, sse4.1, sse4.2, popcnt, avx, avx2, aes, clmul, erms, 3dnowpref, lzcnt, ht, tsc, tscinvbit, bmi1, bmi2, adx

Memory: 4k page, physical 16690952k(6285348k free), swap 19694344k(4096k free)

vm_info: OpenJDK 64-Bit Server VM (25.76-b03) for windows-amd64 JRE (1.8.0_76-release-b03), built on Jun 29 2016 19:09:20 by "ralucas" with MS VC++ 10.0 (VS2010)

time: Sun Dec 11 17:33:30 2016
elapsed time: 3 seconds (0d 0h 0m 3s)

