#
# There is insufficient memory for the Java Runtime Environment to continue.
# Native memory allocation (malloc) failed to allocate 1048576 bytes for AllocateHeap
# Possible reasons:
#   The system is out of physical RAM or swap space
#   In 32 bit mode, the process size limit was hit
# Possible solutions:
#   Reduce memory load on the system
#   Increase physical memory or swap space
#   Check if swap backing store is full
#   Use 64 bit Java on a 64 bit OS
#   Decrease Java heap size (-Xmx/-Xms)
#   Decrease number of Java threads
#   Decrease Java thread stack sizes (-Xss)
#   Set larger code cache with -XX:ReservedCodeCacheSize=
# This output file may be truncated or incomplete.
#
#  Out of Memory Error (memory/allocation.inline.hpp:61), pid=10356, tid=0x0000000000003a34
#
# JRE version:  (8.0_76-b03) (build )
# Java VM: OpenJDK 64-Bit Server VM (25.76-b03 mixed mode windows-amd64 compressed oops)
# Failed to write core dump. Minidumps are not enabled by default on client versions of Windows
#

---------------  T H R E A D  ---------------

Current thread (0x0000000001bc1000):  JavaThread "Unknown thread" [_thread_in_vm, id=14900, stack(0x0000000001ac0000,0x0000000001bc0000)]

Stack: [0x0000000001ac0000,0x0000000001bc0000]
[error occurred during error reporting (printing stack bounds), id 0xc0000005]

Native frames: (J=compiled Java code, j=interpreted, Vv=VM code, C=native code)


---------------  P R O C E S S  ---------------

Java Threads: ( => current thread )

Other Threads:

=>0x0000000001bc1000 (exited) JavaThread "Unknown thread" [_thread_in_vm, id=14900, stack(0x0000000001ac0000,0x0000000001bc0000)]

VM state:not at safepoint (normal execution)

VM Mutex/Monitor currently owned by a thread: None

Heap:
 PSYoungGen      total 76288K, used 1310K [0x00000000eab00000, 0x00000000f0000000, 0x0000000100000000)
  eden space 65536K, 2% used [0x00000000eab00000,0x00000000eac47af0,0x00000000eeb00000)
  from space 10752K, 0% used [0x00000000ef580000,0x00000000ef580000,0x00000000f0000000)
  to   space 10752K, 0% used [0x00000000eeb00000,0x00000000eeb00000,0x00000000ef580000)
 ParOldGen       total 175104K, used 0K [0x00000000c0000000, 0x00000000cab00000, 0x00000000eab00000)
  object space 175104K, 0% used [0x00000000c0000000,0x00000000c0000000,0x00000000cab00000)
 Metaspace       used 771K, capacity 4480K, committed 4480K, reserved 1056768K
  class space    used 73K, capacity 384K, committed 384K, reserved 1048576K

Card table byte_map: [0x0000000001cc0000,0x0000000001ed0000] byte_map_base: 0x00000000016c0000

Marking Bits: (ParMarkBitMap*) 0x000000006f8b9d00
 Begin Bits: [0x0000000012c20000, 0x0000000013c20000)
 End Bits:   [0x0000000013c20000, 0x0000000014c20000)

Polling page: 0x0000000001a00000

CodeCache: size=245760Kb used=328Kb max_used=328Kb free=245431Kb
 bounds [0x0000000003400000, 0x0000000003670000, 0x0000000012400000]
 total_blobs=57 nmethods=0 adapters=38
 compilation: enabled

Compilation events (0 events):
No events

GC Heap History (0 events):
No events

Deoptimization events (0 events):
No events

Internal exceptions (0 events):
No events

Events (10 events):
Event: 0.021 loading class java/lang/Short
Event: 0.021 loading class java/lang/Short done
Event: 0.021 loading class java/lang/Integer
Event: 0.021 loading class java/lang/Integer done
Event: 0.021 loading class java/lang/Long
Event: 0.021 loading class java/lang/Long done
Event: 0.022 loading class java/lang/NullPointerException
Event: 0.022 loading class java/lang/NullPointerException done
Event: 0.022 loading class java/lang/ArithmeticException
Event: 0.022 loading class java/lang/ArithmeticException done


Dynamic libraries:
0x00007ff60f240000 - 0x00007ff60f271000 	C:\Program Files\Android\Android Studio\jre\bin\java.exe
0x00007ff8a7fb0000 - 0x00007ff8a8181000 	C:\WINDOWS\SYSTEM32\ntdll.dll
0x00007ff8a6760000 - 0x00007ff8a680b000 	C:\WINDOWS\System32\KERNEL32.DLL
0x00007ff8a4d00000 - 0x00007ff8a4f1d000 	C:\WINDOWS\System32\KERNELBASE.dll
0x00007ff8a5640000 - 0x00007ff8a56e2000 	C:\WINDOWS\System32\ADVAPI32.dll
0x00007ff8a6560000 - 0x00007ff8a65fe000 	C:\WINDOWS\System32\msvcrt.dll
0x00007ff8a5a90000 - 0x00007ff8a5ae9000 	C:\WINDOWS\System32\sechost.dll
0x00007ff8a5960000 - 0x00007ff8a5a81000 	C:\WINDOWS\System32\RPCRT4.dll
0x00007ff8a56f0000 - 0x00007ff8a5855000 	C:\WINDOWS\System32\USER32.dll
0x00007ff8a4be0000 - 0x00007ff8a4bfe000 	C:\WINDOWS\System32\win32u.dll
0x00007ff8a66c0000 - 0x00007ff8a66f4000 	C:\WINDOWS\System32\GDI32.dll
0x00007ff8a50f0000 - 0x00007ff8a5272000 	C:\WINDOWS\System32\gdi32full.dll
0x00007ff89ddb0000 - 0x00007ff89e029000 	C:\WINDOWS\WinSxS\amd64_microsoft.windows.common-controls_6595b64144ccf1df_6.0.14393.447_none_42191651c6827bb3\COMCTL32.dll
0x00007ff8a6290000 - 0x00007ff8a6557000 	C:\WINDOWS\System32\combase.dll
0x00007ff8a5320000 - 0x00007ff8a5415000 	C:\WINDOWS\System32\ucrtbase.dll
0x00007ff8a54d0000 - 0x00007ff8a553a000 	C:\WINDOWS\System32\bcryptPrimitives.dll
0x00007ff8a5af0000 - 0x00007ff8a5b1e000 	C:\WINDOWS\System32\IMM32.DLL
0x000000006f020000 - 0x000000006f0f2000 	C:\Program Files\Android\Android Studio\jre\jre\bin\msvcr100.dll
0x000000006f100000 - 0x000000006f934000 	C:\Program Files\Android\Android Studio\jre\jre\bin\server\jvm.dll
0x00007ff8a5f50000 - 0x00007ff8a5f58000 	C:\WINDOWS\System32\PSAPI.DLL
0x00007ff890ea0000 - 0x00007ff890ea9000 	C:\WINDOWS\SYSTEM32\WSOCK32.dll
0x00007ff8a6870000 - 0x00007ff8a68da000 	C:\WINDOWS\System32\WS2_32.dll
0x00007ff8a2150000 - 0x00007ff8a2173000 	C:\WINDOWS\SYSTEM32\WINMM.dll
0x00007ff893b00000 - 0x00007ff893b0a000 	C:\WINDOWS\SYSTEM32\VERSION.dll
0x00007ff8a20d0000 - 0x00007ff8a20fb000 	C:\WINDOWS\SYSTEM32\WINMMBASE.dll
0x00007ff8a4c00000 - 0x00007ff8a4c42000 	C:\WINDOWS\System32\cfgmgr32.dll
0x00007ff8a2410000 - 0x00007ff8a241f000 	C:\Program Files\Android\Android Studio\jre\jre\bin\verify.dll
0x00007ff8a2390000 - 0x00007ff8a23b9000 	C:\Program Files\Android\Android Studio\jre\jre\bin\java.dll
0x00007ff8a0ce0000 - 0x00007ff8a0cf6000 	C:\Program Files\Android\Android Studio\jre\jre\bin\zip.dll

VM Arguments:
jvm_args: -Djava.awt.headless=true -Xmx1024M -Dfile.encoding=windows-1252 -Duser.country=CO -Duser.language=es -Duser.variant 
java_command: com.android.dx.command.Main --dex --force-jumbo --num-threads=4 --multi-dex --output C:\Users\Esteban Puello\AndroidStudioProjects\Morph\app\build\intermediates\transforms\dex\debug\folders\1000\10\support-annotations-24.0.0_309bc3d5e76991fe6408febcd7023a2bc679c1aa C:\sdkandroid\extras\android\m2repository\com\android\support\support-annotations\24.0.0\support-annotations-24.0.0.jar
java_class_path (initial): C:\sdkandroid\build-tools\24.0.0\lib\dx.jar
Launcher Type: SUN_STANDARD

Environment Variables:
PATH=C:\ProgramData\Oracle\Java\javapath;C:\WINDOWS\system32;C:\WINDOWS;C:\WINDOWS\System32\Wbem;C:\WINDOWS\System32\WindowsPowerShell\v1.0\;C:\Program Files (x86)\Common Files\lenovo\easyplussdk\bin;C:\Program Files (x86)\ATI Technologies\ATI.ACE\Core-Static;C:\Program Files\Intel\WiFi\bin\;C:\Program Files\Common Files\Intel\WirelessCommon\;C:\Program Files (x86)\MySQL\MySQL Fabric 1.5 & MySQL Utilities 1.5\;C:\Program Files (x86)\MySQL\MySQL Fabric 1.5 & MySQL Utilities 1.5\Doctrine extensions for PHP\;C:\Program Files\Git\cmd;C:\sdkandroid\ndk-bundle;C:\Users\Esteban Puello\AppData\Local\Microsoft\WindowsApps;
USERNAME=Esteban Puello
OS=Windows_NT
PROCESSOR_IDENTIFIER=Intel64 Family 6 Model 78 Stepping 3, GenuineIntel



---------------  S Y S T E M  ---------------

OS: Windows 10.0 , 64 bit Build 14393 (10.0.14393.0)

CPU:total 4 (2 cores per cpu, 2 threads per core) family 6 model 78 stepping 3, cmov, cx8, fxsr, mmx, sse, sse2, sse3, ssse3, sse4.1, sse4.2, popcnt, avx, avx2, aes, clmul, erms, 3dnowpref, lzcnt, ht, tsc, tscinvbit, bmi1, bmi2, adx

Memory: 4k page, physical 16690952k(6481372k free), swap 19694344k(107732k free)

vm_info: OpenJDK 64-Bit Server VM (25.76-b03) for windows-amd64 JRE (1.8.0_76-release-b03), built on Jun 29 2016 19:09:20 by "ralucas" with MS VC++ 10.0 (VS2010)

time: Sun Dec 11 17:32:56 2016
elapsed time: 0 seconds (0d 0h 0m 0s)

